ShenlunApp_V3_AndroidStudio/android/app/build/intermediates/manifest_merge_blame_file/debug/manifest-merger-blame-debug-report.txt
1<?xml version="1.0" encoding="utf-8"?>
2<manifest xmlns:android="http://schemas.android.com/apk/res/android"
3    package="com.shenlunapp"
4    android:versionCode="1"
5    android:versionName="1.0" >
6
7    <uses-sdk
8        android:minSdkVersion="23"
9        android:targetSdkVersion="34" />
10
11    <uses-permission android:name="android.permission.INTERNET" />
11-->src\main\AndroidManifest.xml:3:5-67
11-->src\main\AndroidManifest.xml:3:22-64
12    <!--
13    This manifest file is used only by Gradle to configure debug-only capabilities
14    for React Native Apps.
15    -->
16    <uses-permission android:name="android.permission.SYSTEM_ALERT_WINDOW" />
16-->[com.facebook.react:react-android:0.74.5] AndroidManifest.xml:16:5-78
16-->[com.facebook.react:react-android:0.74.5] AndroidManifest.xml:16:22-75
17
18    <permission
18-->[androidx.core:core:1.9.0] AndroidManifest.xml:22:5-24:47
19        android:name="com.shenlunapp.DYNAMIC_RECEIVER_NOT_EXPORTED_PERMISSION"
19-->[androidx.core:core:1.9.0] AndroidManifest.xml:23:9-81
20        android:protectionLevel="signature" />
20-->[androidx.core:core:1.9.0] AndroidManifest.xml:24:9-44
21
22    <uses-permission android:name="com.shenlunapp.DYNAMIC_RECEIVER_NOT_EXPORTED_PERMISSION" />
22-->[androidx.core:core:1.9.0] AndroidManifest.xml:26:5-97
22-->[androidx.core:core:1.9.0] AndroidManifest.xml:26:22-94
23
24    <application
24-->src\main\AndroidManifest.xml:5:5-26:19
25        android:name="com.shenlunapp.MainApplication"
25-->src\main\AndroidManifest.xml:6:7-38
26        android:allowBackup="false"
26-->src\main\AndroidManifest.xml:10:7-34
27        android:appComponentFactory="androidx.core.app.CoreComponentFactory"
27-->[androidx.core:core:1.9.0] AndroidManifest.xml:28:18-86
28        android:debuggable="true"
29        android:extractNativeLibs="false"
30        android:icon="@mipmap/ic_launcher"
30-->src\main\AndroidManifest.xml:8:7-41
31        android:label="@string/app_name"
31-->src\main\AndroidManifest.xml:7:7-39
32        android:networkSecurityConfig="@xml/network_security_config"
32-->src\main\AndroidManifest.xml:12:7-67
33        android:roundIcon="@mipmap/ic_launcher_round"
33-->src\main\AndroidManifest.xml:9:7-52
34        android:testOnly="true"
35        android:theme="@style/AppTheme"
35-->src\main\AndroidManifest.xml:13:7-38
36        android:usesCleartextTraffic="true" >
36-->src\main\AndroidManifest.xml:11:7-42
37        <activity
37-->src\main\AndroidManifest.xml:14:7-25:18
38            android:name="com.shenlunapp.MainActivity"
38-->src\main\AndroidManifest.xml:15:9-37
39            android:configChanges="keyboard|keyboardHidden|orientation|screenLayout|screenSize|smallestScreenSize|uiMode"
39-->src\main\AndroidManifest.xml:17:9-118
40            android:exported="true"
40-->src\main\AndroidManifest.xml:20:9-32
41            android:label="@string/app_name"
41-->src\main\AndroidManifest.xml:16:9-41
42            android:launchMode="singleTask"
42-->src\main\AndroidManifest.xml:18:9-40
43            android:windowSoftInputMode="adjustResize" >
43-->src\main\AndroidManifest.xml:19:9-51
44            <intent-filter>
44-->src\main\AndroidManifest.xml:21:9-24:25
45                <action android:name="android.intent.action.MAIN" />
45-->src\main\AndroidManifest.xml:22:13-65
45-->src\main\AndroidManifest.xml:22:21-62
46
47                <category android:name="android.intent.category.LAUNCHER" />
47-->src\main\AndroidManifest.xml:23:13-73
47-->src\main\AndroidManifest.xml:23:23-70
48            </intent-filter>
49        </activity>
50        <activity
50-->[com.facebook.react:react-android:0.74.5] AndroidManifest.xml:19:9-21:40
51            android:name="com.facebook.react.devsupport.DevSettingsActivity"
51-->[com.facebook.react:react-android:0.74.5] AndroidManifest.xml:20:13-77
52            android:exported="false" />
52-->[com.facebook.react:react-android:0.74.5] AndroidManifest.xml:21:13-37
53
54        <provider
54-->[androidx.emoji2:emoji2:1.2.0] AndroidManifest.xml:24:9-32:20
55            android:name="androidx.startup.InitializationProvider"
55-->[androidx.emoji2:emoji2:1.2.0] AndroidManifest.xml:25:13-67
56            android:authorities="com.shenlunapp.androidx-startup"
56-->[androidx.emoji2:emoji2:1.2.0] AndroidManifest.xml:26:13-68
57            android:exported="false" >
57-->[androidx.emoji2:emoji2:1.2.0] AndroidManifest.xml:27:13-37
58            <meta-data
58-->[androidx.emoji2:emoji2:1.2.0] AndroidManifest.xml:29:13-31:52
59                android:name="androidx.emoji2.text.EmojiCompatInitializer"
59-->[androidx.emoji2:emoji2:1.2.0] AndroidManifest.xml:30:17-75
60                android:value="androidx.startup" />
60-->[androidx.emoji2:emoji2:1.2.0] AndroidManifest.xml:31:17-49
61            <meta-data
61-->[androidx.lifecycle:lifecycle-process:2.4.1] AndroidManifest.xml:31:13-33:52
62                android:name="androidx.lifecycle.ProcessLifecycleInitializer"
62-->[androidx.lifecycle:lifecycle-process:2.4.1] AndroidManifest.xml:32:17-78
63                android:value="androidx.startup" />
63-->[androidx.lifecycle:lifecycle-process:2.4.1] AndroidManifest.xml:33:17-49
64        </provider>
65
66        <meta-data
66-->[com.facebook.soloader:soloader:0.10.5] AndroidManifest.xml:12:9-14:37
67            android:name="com.facebook.soloader.enabled"
67-->[com.facebook.soloader:soloader:0.10.5] AndroidManifest.xml:13:13-57
68            android:value="false" />
68-->[com.facebook.soloader:soloader:0.10.5] AndroidManifest.xml:14:13-34
69    </application>
70
71</manifest>